{
  "RSpec": {
    "coverage": {
      "/home/JLPinthecity/tic-tac-toe-rb-v-000/lib/tic_tac_toe.rb": [
        null,
        null,
        1,
        null,
        null,
        null,
        null,
        null,
        null,
        null,
        null,
        null,
        1,
        5,
        5,
        5,
        5,
        5,
        null,
        null,
        1,
        5,
        null,
        null,
        1,
        3,
        null,
        null,
        1,
        7,
        null,
        null,
        1,
        5,
        null,
        null,
        1,
        2,
        2,
        2,
        2,
        1,
        0,
        null,
        1,
        null,
        null
      ]
    },
    "timestamp": 1588197724
  }
}
